<?xml version="1.0" encoding="UTF-8"?>
<testng-results ignored="0" total="2" passed="2" failed="0" skipped="0">
  <reporter-output>
  </reporter-output>
  <suite started-at="2023-09-08T17:38:50 IST" name="Default suite" finished-at="2023-09-08T17:39:14 IST" duration-ms="23997">
    <groups>
    </groups>
    <test started-at="2023-09-08T17:38:50 IST" name="Default test" finished-at="2023-09-08T17:39:14 IST" duration-ms="23997">
      <class name="TestCases.LoginTestCase">
        <test-method signature="VerifyInValidLogin()[pri:0, instance:TestCases.LoginTestCase@52719fb6]" started-at="2023-09-08T17:38:50 IST" name="VerifyInValidLogin" finished-at="2023-09-08T17:39:03 IST" duration-ms="13421" status="PASS">
          <reporter-output>
          </reporter-output>
        </test-method> <!-- VerifyInValidLogin -->
        <test-method signature="VerifyValidLogin()[pri:0, instance:TestCases.LoginTestCase@52719fb6]" started-at="2023-09-08T17:39:03 IST" name="VerifyValidLogin" finished-at="2023-09-08T17:39:14 IST" duration-ms="10536" status="PASS">
          <reporter-output>
          </reporter-output>
        </test-method> <!-- VerifyValidLogin -->
      </class> <!-- TestCases.LoginTestCase -->
    </test> <!-- Default test -->
  </suite> <!-- Default suite -->
</testng-results>
